# JRE version: OpenJDK Runtime Environment (21.0.1+12) (build 21.0.1+12-29)
# Java VM: OpenJDK 64-Bit Server VM (21.0.1+12-29, mixed mode, sharing, tiered, compressed oops, compressed class ptrs, g1 gc, windows-amd64)
GC Precious Log:
 CardTable entry size: 512
 Card Set container configuration: InlinePtr #cards 5 size 8 Array Of Cards #cards 12 size 40 Howl #buckets 4 coarsen threshold 1843 Howl Bitmap #cards 512 size 80 coarsen threshold 460 Card regions per heap region 1 cards per card region 2048
 CPUs: 4 total, 4 available
 Memory: 8108M
 Large Page Support: Disabled
 NUMA Support: Disabled
 Compressed Oops: Enabled (32-bit)
 Heap Region Size: 1M
 Heap Min Capacity: 8M
 Heap Initial Capacity: 128M
 Heap Max Capacity: 2028M
 Pre-touch: Disabled
 Parallel Workers: 4
 Concurrent Workers: 1
 Concurrent Refinement Workers: 4
 Periodic GC: Disabled
Heap:
 garbage-first heap   total 487424K, used 465277K [0x0000000081400000, 0x0000000100000000)
  region size 1024K, 19 young (19456K), 8 survivors (8192K)
 Metaspace       used 27913K, committed 28224K, reserved 1114112K
  class space    used 3782K, committed 3904K, reserved 1048576K
GC Heap History (10 events):
Event: 1.389 GC heap before
{Heap before GC invocations=0 (full 0):
 garbage-first heap   total 131072K, used 13312K [0x0000000081400000, 0x0000000100000000)
  region size 1024K, 13 young (13312K), 0 survivors (0K)
 Metaspace       used 2437K, committed 2624K, reserved 1114112K
  class space    used 243K, committed 320K, reserved 1048576K
}
Event: 1.395 GC heap after
{Heap after GC invocations=1 (full 0):
 garbage-first heap   total 131072K, used 3072K [0x0000000081400000, 0x0000000100000000)
  region size 1024K, 2 young (2048K), 2 survivors (2048K)
 Metaspace       used 2437K, committed 2624K, reserved 1114112K
  class space    used 243K, committed 320K, reserved 1048576K
}
Event: 2.378 GC heap before
{Heap before GC invocations=1 (full 0):
 garbage-first heap   total 131072K, used 20480K [0x0000000081400000, 0x0000000100000000)
  region size 1024K, 20 young (20480K), 2 survivors (2048K)
 Metaspace       used 7518K, committed 7744K, reserved 1114112K
  class space    used 896K, committed 1024K, reserved 1048576K
}
Event: 2.382 GC heap after
{Heap after GC invocations=2 (full 0):
 garbage-first heap   total 131072K, used 4387K [0x0000000081400000, 0x0000000100000000)
  region size 1024K, 2 young (2048K), 2 survivors (2048K)
 Metaspace       used 7518K, committed 7744K, reserved 1114112K
  class space    used 896K, committed 1024K, reserved 1048576K
}
Event: 3.892 GC heap before
{Heap before GC invocations=2 (full 0):
 garbage-first heap   total 131072K, used 47395K [0x0000000081400000, 0x0000000100000000)
  region size 1024K, 41 young (41984K), 2 survivors (2048K)
 Metaspace       used 15491K, committed 15808K, reserved 1114112K
  class space    used 2385K, committed 2560K, reserved 1048576K
}
Event: 3.902 GC heap after
{Heap after GC invocations=3 (full 0):
 garbage-first heap   total 131072K, used 11911K [0x0000000081400000, 0x0000000100000000)
  region size 1024K, 5 young (5120K), 5 survivors (5120K)
 Metaspace       used 15491K, committed 15808K, reserved 1114112K
  class space    used 2385K, committed 2560K, reserved 1048576K
}
Event: 28.330 GC heap before
{Heap before GC invocations=3 (full 0):
 garbage-first heap   total 131072K, used 29319K [0x0000000081400000, 0x0000000100000000)
  region size 1024K, 22 young (22528K), 5 survivors (5120K)
 Metaspace       used 21206K, committed 21504K, reserved 1114112K
  class space    used 2928K, committed 3072K, reserved 1048576K
}
Event: 28.339 GC heap after
{Heap after GC invocations=4 (full 0):
 garbage-first heap   total 131072K, used 17033K [0x0000000081400000, 0x0000000100000000)
  region size 1024K, 8 young (8192K), 8 survivors (8192K)
 Metaspace       used 21206K, committed 21504K, reserved 1114112K
  class space    used 2928K, committed 3072K, reserved 1048576K
}
Event: 34.656 GC heap before
{Heap before GC invocations=5 (full 0):
 garbage-first heap   total 474112K, used 473737K [0x0000000081400000, 0x0000000100000000)
  region size 1024K, 31 young (31744K), 8 survivors (8192K)
 Metaspace       used 27640K, committed 27968K, reserved 1114112K
  class space    used 3781K, committed 3904K, reserved 1048576K
}
Event: 34.674 GC heap after
{Heap after GC invocations=6 (full 0):
 garbage-first heap   total 487424K, used 450941K [0x0000000081400000, 0x0000000100000000)
  region size 1024K, 8 young (8192K), 8 survivors (8192K)
 Metaspace       used 27640K, committed 27968K, reserved 1114112K
  class space    used 3781K, committed 3904K, reserved 1048576K
}

